<?xml version="1.0" encoding="UTF-8"?>
<testng-results ignored="0" total="1" passed="0" failed="0" skipped="1">
  <reporter-output>
  </reporter-output>
  <suite started-at="2023-08-24T11:07:00 IST" name="Default suite" finished-at="2023-08-24T11:07:00 IST" duration-ms="144">
    <groups>
    </groups>
    <test started-at="2023-08-24T11:07:00 IST" name="Default test" finished-at="2023-08-24T11:07:00 IST" duration-ms="144">
      <class name="testScripts.RegisterShopperTest">
        <test-method is-config="true" signature="classConfiguration()[pri:0, instance:testScripts.RegisterShopperTest@4b741d6d]" started-at="2023-08-24T11:07:00 IST" name="classConfiguration" finished-at="2023-08-24T11:07:00 IST" duration-ms="31" status="FAIL">
          <exception class="java.lang.Error">
            <message>
              <![CDATA[Unresolved compilation problems: 
Syntax error, insert ":: IdentifierOrNew" to complete ReferenceExpression
Syntax error, insert "AssignmentOperator Expression" to complete Assignment
Syntax error, insert ";" to complete Statement
Cell cannot be resolved to a variable
cell cannot be resolved to a variable
The method setcellvalue(String) is undefined for the type Cell
Syntax error on token ";", { expected after this token
Duplicate field ExcelUtility.e
The method write(OutputStream) in the type Workbook is not applicable for the arguments (FileInputStream)
Duplicate field ExcelUtility.e
Syntax error on token "}", delete this token
Syntax error on token(s), misplaced construct(s)
Syntax error on token "closeExcel", AnnotationName expected after this token
Syntax error, insert "}" to complete Block
Syntax error, insert "}" to complete ClassBody
]]>
            </message>
            <full-stacktrace>
              <![CDATA[java.lang.Error: Unresolved compilation problems: 
Syntax error, insert ":: IdentifierOrNew" to complete ReferenceExpression
Syntax error, insert "AssignmentOperator Expression" to complete Assignment
Syntax error, insert ";" to complete Statement
Cell cannot be resolved to a variable
cell cannot be resolved to a variable
The method setcellvalue(String) is undefined for the type Cell
Syntax error on token ";", { expected after this token
Duplicate field ExcelUtility.e
The method write(OutputStream) in the type Workbook is not applicable for the arguments (FileInputStream)
Duplicate field ExcelUtility.e
Syntax error on token "}", delete this token
Syntax error on token(s), misplaced construct(s)
Syntax error on token "closeExcel", AnnotationName expected after this token
Syntax error, insert "}" to complete Block
Syntax error, insert "}" to complete ClassBody

at genericLibraries.ExcelUtility.<init>(ExcelUtility.java:67)
at genericLibraries.BaseClass.classConfiguration(BaseClass.java:45)
at java.base/jdk.internal.reflect.NativeMethodAccessorImpl.invoke0(Native Method)
at java.base/jdk.internal.reflect.NativeMethodAccessorImpl.invoke(NativeMethodAccessorImpl.java:77)
at java.base/jdk.internal.reflect.DelegatingMethodAccessorImpl.invoke(DelegatingMethodAccessorImpl.java:43)
at java.base/java.lang.reflect.Method.invoke(Method.java:568)
at org.testng.internal.invokers.MethodInvocationHelper.invokeMethod(MethodInvocationHelper.java:139)
at org.testng.internal.invokers.MethodInvocationHelper.invokeMethodConsideringTimeout(MethodInvocationHelper.java:69)
at org.testng.internal.invokers.ConfigInvoker.invokeConfigurationMethod(ConfigInvoker.java:361)
at org.testng.internal.invokers.ConfigInvoker.invokeConfigurations(ConfigInvoker.java:296)
at org.testng.internal.invokers.TestMethodWorker.invokeBeforeClassMethods(TestMethodWorker.java:180)
at org.testng.internal.invokers.TestMethodWorker.run(TestMethodWorker.java:122)
at java.base/java.util.ArrayList.forEach(ArrayList.java:1511)
at org.testng.TestRunner.privateRun(TestRunner.java:829)
at org.testng.TestRunner.run(TestRunner.java:602)
at org.testng.SuiteRunner.runTest(SuiteRunner.java:437)
at org.testng.SuiteRunner.runSequentially(SuiteRunner.java:431)
at org.testng.SuiteRunner.privateRun(SuiteRunner.java:391)
at org.testng.SuiteRunner.run(SuiteRunner.java:330)
at org.testng.SuiteRunnerWorker.runSuite(SuiteRunnerWorker.java:52)
at org.testng.SuiteRunnerWorker.run(SuiteRunnerWorker.java:95)
at org.testng.TestNG.runSuitesSequentially(TestNG.java:1256)
at org.testng.TestNG.runSuitesLocally(TestNG.java:1176)
at org.testng.TestNG.runSuites(TestNG.java:1099)
at org.testng.TestNG.run(TestNG.java:1067)
at org.testng.remote.AbstractRemoteTestNG.run(AbstractRemoteTestNG.java:115)
at org.testng.remote.RemoteTestNG.initAndRun(RemoteTestNG.java:251)
at org.testng.remote.RemoteTestNG.main(RemoteTestNG.java:77)
]]>
            </full-stacktrace>
          </exception> <!-- java.lang.Error -->
          <reporter-output>
          </reporter-output>
        </test-method> <!-- classConfiguration -->
        <test-method is-config="true" signature="methodConfiguration()[pri:0, instance:testScripts.RegisterShopperTest@4b741d6d]" started-at="2023-08-24T11:07:00 IST" name="methodConfiguration" finished-at="2023-08-24T11:07:00 IST" duration-ms="0" status="SKIP">
          <reporter-output>
          </reporter-output>
        </test-method> <!-- methodConfiguration -->
        <test-method signature="createAccountTest()[pri:0, instance:testScripts.RegisterShopperTest@4b741d6d]" started-at="2023-08-24T11:07:00 IST" name="createAccountTest" finished-at="2023-08-24T11:07:00 IST" duration-ms="0" status="SKIP">
          <exception class="java.lang.Error">
            <message>
              <![CDATA[Unresolved compilation problems: 
Syntax error, insert ":: IdentifierOrNew" to complete ReferenceExpression
Syntax error, insert "AssignmentOperator Expression" to complete Assignment
Syntax error, insert ";" to complete Statement
Cell cannot be resolved to a variable
cell cannot be resolved to a variable
The method setcellvalue(String) is undefined for the type Cell
Syntax error on token ";", { expected after this token
Duplicate field ExcelUtility.e
The method write(OutputStream) in the type Workbook is not applicable for the arguments (FileInputStream)
Duplicate field ExcelUtility.e
Syntax error on token "}", delete this token
Syntax error on token(s), misplaced construct(s)
Syntax error on token "closeExcel", AnnotationName expected after this token
Syntax error, insert "}" to complete Block
Syntax error, insert "}" to complete ClassBody
]]>
            </message>
            <full-stacktrace>
              <![CDATA[java.lang.Error: Unresolved compilation problems: 
Syntax error, insert ":: IdentifierOrNew" to complete ReferenceExpression
Syntax error, insert "AssignmentOperator Expression" to complete Assignment
Syntax error, insert ";" to complete Statement
Cell cannot be resolved to a variable
cell cannot be resolved to a variable
The method setcellvalue(String) is undefined for the type Cell
Syntax error on token ";", { expected after this token
Duplicate field ExcelUtility.e
The method write(OutputStream) in the type Workbook is not applicable for the arguments (FileInputStream)
Duplicate field ExcelUtility.e
Syntax error on token "}", delete this token
Syntax error on token(s), misplaced construct(s)
Syntax error on token "closeExcel", AnnotationName expected after this token
Syntax error, insert "}" to complete Block
Syntax error, insert "}" to complete ClassBody

at genericLibraries.ExcelUtility.<init>(ExcelUtility.java:67)
at genericLibraries.BaseClass.classConfiguration(BaseClass.java:45)
at java.base/jdk.internal.reflect.NativeMethodAccessorImpl.invoke0(Native Method)
at java.base/jdk.internal.reflect.NativeMethodAccessorImpl.invoke(NativeMethodAccessorImpl.java:77)
at java.base/jdk.internal.reflect.DelegatingMethodAccessorImpl.invoke(DelegatingMethodAccessorImpl.java:43)
at java.base/java.lang.reflect.Method.invoke(Method.java:568)
at org.testng.internal.invokers.MethodInvocationHelper.invokeMethod(MethodInvocationHelper.java:139)
at org.testng.internal.invokers.MethodInvocationHelper.invokeMethodConsideringTimeout(MethodInvocationHelper.java:69)
at org.testng.internal.invokers.ConfigInvoker.invokeConfigurationMethod(ConfigInvoker.java:361)
at org.testng.internal.invokers.ConfigInvoker.invokeConfigurations(ConfigInvoker.java:296)
at org.testng.internal.invokers.TestMethodWorker.invokeBeforeClassMethods(TestMethodWorker.java:180)
at org.testng.internal.invokers.TestMethodWorker.run(TestMethodWorker.java:122)
at java.base/java.util.ArrayList.forEach(ArrayList.java:1511)
at org.testng.TestRunner.privateRun(TestRunner.java:829)
at org.testng.TestRunner.run(TestRunner.java:602)
at org.testng.SuiteRunner.runTest(SuiteRunner.java:437)
at org.testng.SuiteRunner.runSequentially(SuiteRunner.java:431)
at org.testng.SuiteRunner.privateRun(SuiteRunner.java:391)
at org.testng.SuiteRunner.run(SuiteRunner.java:330)
at org.testng.SuiteRunnerWorker.runSuite(SuiteRunnerWorker.java:52)
at org.testng.SuiteRunnerWorker.run(SuiteRunnerWorker.java:95)
at org.testng.TestNG.runSuitesSequentially(TestNG.java:1256)
at org.testng.TestNG.runSuitesLocally(TestNG.java:1176)
at org.testng.TestNG.runSuites(TestNG.java:1099)
at org.testng.TestNG.run(TestNG.java:1067)
at org.testng.remote.AbstractRemoteTestNG.run(AbstractRemoteTestNG.java:115)
at org.testng.remote.RemoteTestNG.initAndRun(RemoteTestNG.java:251)
at org.testng.remote.RemoteTestNG.main(RemoteTestNG.java:77)
]]>
            </full-stacktrace>
          </exception> <!-- java.lang.Error -->
          <reporter-output>
          </reporter-output>
        </test-method> <!-- createAccountTest -->
        <test-method is-config="true" signature="methodTeardown()[pri:0, instance:testScripts.RegisterShopperTest@4b741d6d]" started-at="2023-08-24T11:07:00 IST" name="methodTeardown" finished-at="2023-08-24T11:07:00 IST" duration-ms="0" status="SKIP">
          <reporter-output>
          </reporter-output>
        </test-method> <!-- methodTeardown -->
        <test-method is-config="true" signature="classTeardown()[pri:0, instance:testScripts.RegisterShopperTest@4b741d6d]" started-at="2023-08-24T11:07:00 IST" name="classTeardown" finished-at="2023-08-24T11:07:00 IST" duration-ms="0" status="SKIP">
          <reporter-output>
          </reporter-output>
        </test-method> <!-- classTeardown -->
      </class> <!-- testScripts.RegisterShopperTest -->
    </test> <!-- Default test -->
  </suite> <!-- Default suite -->
</testng-results>
